#
# There is insufficient memory for the Java Runtime Environment to continue.
# Native memory allocation (malloc) failed to allocate 33030144 bytes for committing reserved memory.
# Possible reasons:
#   The system is out of physical RAM or swap space
#   In 32 bit mode, the process size limit was hit
# Possible solutions:
#   Reduce memory load on the system
#   Increase physical memory or swap space
#   Check if swap backing store is full
#   Use 64 bit Java on a 64 bit OS
#   Decrease Java heap size (-Xmx/-Xms)
#   Decrease number of Java threads
#   Decrease Java thread stack sizes (-Xss)
#   Set larger code cache with -XX:ReservedCodeCacheSize=
# This output file may be truncated or incomplete.
#
#  Out of Memory Error (os_linux.cpp:2809), pid=13102, tid=140657916933888
#
# JRE version: OpenJDK Runtime Environment (7.0_79-b14) (build 1.7.0_79-b14)
# Java VM: OpenJDK 64-Bit Server VM (24.79-b02 mixed mode linux-amd64 compressed oops)
# Derivative: IcedTea 2.5.5
# Distribution: Ubuntu 14.10, package 7u79-2.5.5-0ubuntu0.14.10.2
# Failed to write core dump. Core dumps have been disabled. To enable core dumping, try "ulimit -c unlimited" before starting Java again
#

---------------  T H R E A D  ---------------

Current thread (0x00007fed84076800):  VMThread [stack: 0x00007fed791c7000,0x00007fed792c8000] [id=13111]

Stack: [0x00007fed791c7000,0x00007fed792c8000],  sp=0x00007fed792c64a0,  free space=1021k
Native frames: (J=compiled Java code, j=interpreted, Vv=VM code, C=native code)
V  [libjvm.so+0x982c56]  VMError::report_and_die()+0x186
V  [libjvm.so+0x48fb12]  report_vm_out_of_memory(char const*, int, unsigned long, char const*)+0x92
V  [libjvm.so+0x7f4c2b]  os::pd_commit_memory(char*, unsigned long, unsigned long, bool)+0xeb
V  [libjvm.so+0x7ef31e]  os::commit_memory(char*, unsigned long, unsigned long, bool)+0x2e
V  [libjvm.so+0x86215b]  PSVirtualSpace::expand_by(unsigned long)+0x5b
V  [libjvm.so+0x863013]  PSYoungGen::resize_generation(unsigned long, unsigned long)+0xd3
V  [libjvm.so+0x86372b]  PSYoungGen::resize(unsigned long, unsigned long)+0x1b
V  [libjvm.so+0x85f129]  PSScavenge::invoke_no_policy()+0xdc9
V  [libjvm.so+0x85f908]  PSScavenge::invoke()+0x38
V  [libjvm.so+0x817263]  ParallelScavengeHeap::failed_mem_allocate(unsigned long)+0x63
V  [libjvm.so+0x984522]  VM_ParallelGCFailedAllocation::doit()+0x92
V  [libjvm.so+0x988db7]  VM_Operation::evaluate()+0x47
V  [libjvm.so+0x98739b]  VMThread::evaluate_operation(VM_Operation*)+0xab
V  [libjvm.so+0x987a46]  VMThread::loop()+0x1e6
V  [libjvm.so+0x987f11]  VMThread::run()+0x81
V  [libjvm.so+0x7f1912]  java_start(Thread*)+0xf2

VM_Operation (0x00007fed8ba6f270): ParallelGCFailedAllocation, mode: safepoint, requested by thread 0x00007fed8400a800


---------------  P R O C E S S  ---------------

Java Threads: ( => current thread )
  0x00007fed840b0000 JavaThread "Service Thread" daemon [_thread_blocked, id=13117, stack(0x00007fed783a6000,0x00007fed784a7000)]
  0x00007fed840ad800 JavaThread "C2 CompilerThread1" daemon [_thread_blocked, id=13116, stack(0x00007fed784a7000,0x00007fed785a8000)]
  0x00007fed840aa800 JavaThread "C2 CompilerThread0" daemon [_thread_blocked, id=13115, stack(0x00007fed785a8000,0x00007fed786a9000)]
  0x00007fed840a8800 JavaThread "Signal Dispatcher" daemon [_thread_blocked, id=13114, stack(0x00007fed786a9000,0x00007fed787aa000)]
  0x00007fed8407d000 JavaThread "Finalizer" daemon [_thread_blocked, id=13113, stack(0x00007fed78fc5000,0x00007fed790c6000)]
  0x00007fed8407b000 JavaThread "Reference Handler" daemon [_thread_blocked, id=13112, stack(0x00007fed790c6000,0x00007fed791c7000)]
  0x00007fed8400a800 JavaThread "main" [_thread_blocked, id=13106, stack(0x00007fed8b970000,0x00007fed8ba71000)]

Other Threads:
=>0x00007fed84076800 VMThread [stack: 0x00007fed791c7000,0x00007fed792c8000] [id=13111]
  0x00007fed840ba800 WatcherThread [stack: 0x00007fed782a5000,0x00007fed783a6000] [id=13118]

VM state:at safepoint (normal execution)

VM Mutex/Monitor currently owned by a thread:  ([mutex/lock_event])
[0x00007fed84007070] Threads_lock - owner thread: 0x00007fed84076800
[0x00007fed84007570] Heap_lock - owner thread: 0x00007fed8400a800

Heap
 PSYoungGen      total 37376K, used 4928K [0x00000000eaa80000, 0x00000000ed400000, 0x0000000100000000)
  eden space 32256K, 0% used [0x00000000eaa80000,0x00000000eaa80000,0x00000000eca00000)
  from space 5120K, 96% used [0x00000000eca00000,0x00000000eced03a0,0x00000000ecf00000)
  to   space 5120K, 0% used [0x00000000ecf00000,0x00000000ecf00000,0x00000000ed400000)
 ParOldGen       total 83968K, used 10068K [0x00000000c0000000, 0x00000000c5200000, 0x00000000eaa80000)
  object space 83968K, 11% used [0x00000000c0000000,0x00000000c09d52a0,0x00000000c5200000)
 PSPermGen       total 21504K, used 7299K [0x00000000b5a00000, 0x00000000b6f00000, 0x00000000c0000000)
  object space 21504K, 33% used [0x00000000b5a00000,0x00000000b6120f28,0x00000000b6f00000)

Card table byte_map: [0x00007fed88327000,0x00007fed8857b000] byte_map_base: 0x00007fed87d7a000

Polling page: 0x00007fed8baa0000

Code Cache  [0x00007fed81000000, 0x00007fed81270000, 0x00007fed84000000)
 total_blobs=636 nmethods=385 adapters=204 free_code_cache=48131Kb largest_free_block=49246656

Compilation events (10 events):
Event: 20,083 Thread 0x00007fed840ad800 nmethod 388 0x00007fed810ebfd0 code [0x00007fed810ec100, 0x00007fed810ec158]
Event: 20,083 Thread 0x00007fed840ad800  389             com.android.dex.TypeList::<init> (15 bytes)
Event: 20,084 Thread 0x00007fed840ad800 nmethod 389 0x00007fed810f0bd0 code [0x00007fed810f0d00, 0x00007fed810f0d78]
Event: 20,084 Thread 0x00007fed840ad800  390             com.android.dex.ClassData$Method::getMethodIndex (5 bytes)
Event: 20,084 Thread 0x00007fed840ad800 nmethod 390 0x00007fed810f09d0 code [0x00007fed810f0b00, 0x00007fed810f0b58]
Event: 20,084 Thread 0x00007fed840ad800  391             com.android.dex.ClassData$Method::getAccessFlags (5 bytes)
Event: 20,084 Thread 0x00007fed840ad800 nmethod 391 0x00007fed810f07d0 code [0x00007fed810f0900, 0x00007fed810f0958]
Event: 20,084 Thread 0x00007fed840ad800  392             com.android.dex.Dex$Section::access$900 (5 bytes)
Event: 20,411 Thread 0x00007fed840aa800 nmethod 387 0x00007fed810f5210 code [0x00007fed810f5460, 0x00007fed810f60a0]
Event: 20,415 Thread 0x00007fed840aa800  393             com.android.dex.Dex$Section::readCode (136 bytes)

GC Heap History (5 events):
Event: 14,672 GC heap before
{Heap before GC invocations=1 (full 0):
 PSYoungGen      total 37376K, used 32256K [0x00000000eaa80000, 0x00000000ed400000, 0x0000000100000000)
  eden space 32256K, 100% used [0x00000000eaa80000,0x00000000eca00000,0x00000000eca00000)
  from space 5120K, 0% used [0x00000000ecf00000,0x00000000ecf00000,0x00000000ed400000)
  to   space 5120K, 0% used [0x00000000eca00000,0x00000000eca00000,0x00000000ecf00000)
 ParOldGen       total 83968K, used 0K [0x00000000c0000000, 0x00000000c5200000, 0x00000000eaa80000)
  object space 83968K, 0% used [0x00000000c0000000,0x00000000c0000000,0x00000000c5200000)
 PSPermGen       total 21504K, used 7192K [0x00000000b5a00000, 0x00000000b6f00000, 0x00000000c0000000)
  object space 21504K, 33% used [0x00000000b5a00000,0x00000000b61063f0,0x00000000b6f00000)
Event: 14,753 GC heap after
Heap after GC invocations=1 (full 0):
 PSYoungGen      total 37376K, used 5118K [0x00000000eaa80000, 0x00000000ed400000, 0x0000000100000000)
  eden space 32256K, 0% used [0x00000000eaa80000,0x00000000eaa80000,0x00000000eca00000)
  from space 5120K, 99% used [0x00000000eca00000,0x00000000eceff9e8,0x00000000ecf00000)
  to   space 5120K, 0% used [0x00000000ecf00000,0x00000000ecf00000,0x00000000ed400000)
 ParOldGen       total 83968K, used 2636K [0x00000000c0000000, 0x00000000c5200000, 0x00000000eaa80000)
  object space 83968K, 3% used [0x00000000c0000000,0x00000000c0293338,0x00000000c5200000)
 PSPermGen       total 21504K, used 7192K [0x00000000b5a00000, 0x00000000b6f00000, 0x00000000c0000000)
  object space 21504K, 33% used [0x00000000b5a00000,0x00000000b61063f0,0x00000000b6f00000)
}
Event: 19,238 GC heap before
{Heap before GC invocations=2 (full 0):
 PSYoungGen      total 37376K, used 36498K [0x00000000eaa80000, 0x00000000ed400000, 0x0000000100000000)
  eden space 32256K, 97% used [0x00000000eaa80000,0x00000000ec925200,0x00000000eca00000)
  from space 5120K, 99% used [0x00000000eca00000,0x00000000eceff9e8,0x00000000ecf00000)
  to   space 5120K, 0% used [0x00000000ecf00000,0x00000000ecf00000,0x00000000ed400000)
 ParOldGen       total 83968K, used 2636K [0x00000000c0000000, 0x00000000c5200000, 0x00000000eaa80000)
  object space 83968K, 3% used [0x00000000c0000000,0x00000000c0293338,0x00000000c5200000)
 PSPermGen       total 21504K, used 7272K [0x00000000b5a00000, 0x00000000b6f00000, 0x00000000c0000000)
  object space 21504K, 33% used [0x00000000b5a00000,0x00000000b611a1d8,0x00000000b6f00000)
Event: 19,294 GC heap after
Heap after GC invocations=2 (full 0):
 PSYoungGen      total 37376K, used 5109K [0x00000000eaa80000, 0x00000000ed400000, 0x0000000100000000)
  eden space 32256K, 0% used [0x00000000eaa80000,0x00000000eaa80000,0x00000000eca00000)
  from space 5120K, 99% used [0x00000000ecf00000,0x00000000ed3fd508,0x00000000ed400000)
  to   space 5120K, 0% used [0x00000000eca00000,0x00000000eca00000,0x00000000ecf00000)
 ParOldGen       total 83968K, used 3307K [0x00000000c0000000, 0x00000000c5200000, 0x00000000eaa80000)
  object space 83968K, 3% used [0x00000000c0000000,0x00000000c033ade0,0x00000000c5200000)
 PSPermGen       total 21504K, used 7272K [0x00000000b5a00000, 0x00000000b6f00000, 0x00000000c0000000)
  object space 21504K, 33% used [0x00000000b5a00000,0x00000000b611a1d8,0x00000000b6f00000)
}
Event: 20,559 GC heap before
{Heap before GC invocations=3 (full 0):
 PSYoungGen      total 37376K, used 37365K [0x00000000eaa80000, 0x00000000ed400000, 0x0000000100000000)
  eden space 32256K, 100% used [0x00000000eaa80000,0x00000000eca00000,0x00000000eca00000)
  from space 5120K, 99% used [0x00000000ecf00000,0x00000000ed3fd508,0x00000000ed400000)
  to   space 5120K, 0% used [0x00000000eca00000,0x00000000eca00000,0x00000000ecf00000)
 ParOldGen       total 83968K, used 3307K [0x00000000c0000000, 0x00000000c5200000, 0x00000000eaa80000)
  object space 83968K, 3% used [0x00000000c0000000,0x00000000c033ade0,0x00000000c5200000)
 PSPermGen       total 21504K, used 7299K [0x00000000b5a00000, 0x00000000b6f00000, 0x00000000c0000000)
  object space 21504K, 33% used [0x00000000b5a00000,0x00000000b6120f28,0x00000000b6f00000)

Deoptimization events (10 events):
Event: 3,346 Thread 0x00007fed8400a800 Uncommon trap: reason=class_check action=maybe_recompile pc=0x00007fed8107ada8 method=com.android.dx.ssa.SsaBasicBlock.forEachInsn(Lcom/android/dx/ssa/SsaInsn$Visitor;)V @ 23
Event: 3,346 Thread 0x00007fed8400a800 Uncommon trap: reason=class_check action=maybe_recompile pc=0x00007fed8107ada8 method=com.android.dx.ssa.SsaBasicBlock.forEachInsn(Lcom/android/dx/ssa/SsaInsn$Visitor;)V @ 23
Event: 3,346 Thread 0x00007fed8400a800 Uncommon trap: reason=class_check action=maybe_recompile pc=0x00007fed8107ada8 method=com.android.dx.ssa.SsaBasicBlock.forEachInsn(Lcom/android/dx/ssa/SsaInsn$Visitor;)V @ 23
Event: 4,719 Thread 0x00007fed8400a800 Uncommon trap: reason=null_check action=make_not_entrant pc=0x00007fed81082b14 method=com.android.dx.rop.code.LocalItem.equals(Ljava/lang/Object;)Z @ 1
Event: 14,361 Thread 0x00007fed8400a800 Uncommon trap: reason=class_check action=maybe_recompile pc=0x00007fed810a5244 method=com.android.dex.Leb128.readUnsignedLeb128(Lcom/android/dex/util/ByteInput;)I @ 5
Event: 14,374 Thread 0x00007fed8400a800 Uncommon trap: reason=class_check action=maybe_recompile pc=0x00007fed810a5244 method=com.android.dex.Leb128.readUnsignedLeb128(Lcom/android/dex/util/ByteInput;)I @ 5
Event: 14,374 Thread 0x00007fed8400a800 Uncommon trap: reason=class_check action=maybe_recompile pc=0x00007fed810a5244 method=com.android.dex.Leb128.readUnsignedLeb128(Lcom/android/dex/util/ByteInput;)I @ 5
Event: 14,374 Thread 0x00007fed8400a800 Uncommon trap: reason=class_check action=maybe_recompile pc=0x00007fed810a5244 method=com.android.dex.Leb128.readUnsignedLeb128(Lcom/android/dex/util/ByteInput;)I @ 5
Event: 15,048 Thread 0x00007fed8400a800 Uncommon trap: reason=predicate action=maybe_recompile pc=0x00007fed810af7d8 method=com.android.dex.Leb128.readUnsignedLeb128(Lcom/android/dex/util/ByteInput;)I @ 41
Event: 19,995 Thread 0x00007fed8400a800 Uncommon trap: reason=predicate action=maybe_recompile pc=0x00007fed810ef9e4 method=java.util.ComparableTimSort.binarySort([Ljava/lang/Object;III)V @ 37

Internal exceptions (10 events):
Event: 11,527 Thread 0x00007fed8400a800 Threw 0x00000000ec71d008 at /build/buildd/openjdk-7-7u79-2.5.5/build/openjdk/hotspot/src/share/vm/prims/jvm.cpp:1284
Event: 11,745 Thread 0x00007fed8400a800 Threw 0x00000000ec764b88 at /build/buildd/openjdk-7-7u79-2.5.5/build/openjdk/hotspot/src/share/vm/prims/jvm.cpp:1284
Event: 11,764 Thread 0x00007fed8400a800 Threw 0x00000000ec767788 at /build/buildd/openjdk-7-7u79-2.5.5/build/openjdk/hotspot/src/share/vm/prims/jvm.cpp:1284
Event: 12,153 Thread 0x00007fed8400a800 Threw 0x00000000ec7c07f0 at /build/buildd/openjdk-7-7u79-2.5.5/build/openjdk/hotspot/src/share/vm/prims/jvm.cpp:1284
Event: 12,158 Thread 0x00007fed8400a800 Threw 0x00000000ec7c0918 at /build/buildd/openjdk-7-7u79-2.5.5/build/openjdk/hotspot/src/share/vm/prims/jvm.cpp:1284
Event: 12,159 Thread 0x00007fed8400a800 Threw 0x00000000ec7c2fc8 at /build/buildd/openjdk-7-7u79-2.5.5/build/openjdk/hotspot/src/share/vm/prims/jvm.cpp:1284
Event: 12,159 Thread 0x00007fed8400a800 Threw 0x00000000ec7c30f0 at /build/buildd/openjdk-7-7u79-2.5.5/build/openjdk/hotspot/src/share/vm/prims/jvm.cpp:1284
Event: 12,159 Thread 0x00007fed8400a800 Threw 0x00000000ec7c3af0 at /build/buildd/openjdk-7-7u79-2.5.5/build/openjdk/hotspot/src/share/vm/prims/jvm.cpp:1284
Event: 12,159 Thread 0x00007fed8400a800 Threw 0x00000000ec7c3c18 at /build/buildd/openjdk-7-7u79-2.5.5/build/openjdk/hotspot/src/share/vm/prims/jvm.cpp:1284
Event: 17,506 Thread 0x00007fed8400a800 Threw 0x00000000ebc84588 at /build/buildd/openjdk-7-7u79-2.5.5/build/openjdk/hotspot/src/share/vm/prims/jvm.cpp:1284

Events (10 events):
Event: 19,294 Executing VM operation: ParallelGCFailedAllocation done
Event: 19,298 Executing VM operation: RevokeBias
Event: 19,304 Executing VM operation: RevokeBias done
Event: 19,304 Executing VM operation: RevokeBias
Event: 19,304 Executing VM operation: RevokeBias done
Event: 19,993 Thread 0x00007fed8400a800 Uncommon trap: trap_request=0xffffff86 fr.pc=0x00007fed810ef9e4
Event: 19,998 Thread 0x00007fed8400a800 DEOPT PACKING pc=0x00007fed810ef9e4 sp=0x00007fed8ba6f460
Event: 19,998 Thread 0x00007fed8400a800 DEOPT UNPACKING pc=0x00007fed81039445 sp=0x00007fed8ba6f440 mode 2
Event: 20,005 Thread 0x00007fed840aa800 flushing nmethod 0x00007fed810af290
Event: 20,532 Executing VM operation: ParallelGCFailedAllocation


Dynamic libraries:
00400000-00401000 r-xp 00000000 fc:01 2757094                            /usr/lib/jvm/java-7-openjdk-amd64/jre/bin/java
00600000-00601000 r--p 00000000 fc:01 2757094                            /usr/lib/jvm/java-7-openjdk-amd64/jre/bin/java
00601000-00602000 rw-p 00001000 fc:01 2757094                            /usr/lib/jvm/java-7-openjdk-amd64/jre/bin/java
012b6000-012d7000 rw-p 00000000 00:00 0                                  [heap]
b5a00000-b6f00000 rw-p 00000000 00:00 0 
b6f00000-c0000000 rw-p 00000000 00:00 0 
c0000000-c5200000 rw-p 00000000 00:00 0 
c5200000-eaa80000 rw-p 00000000 00:00 0 
eaa80000-ed400000 rw-p 00000000 00:00 0 
ef380000-100000000 rw-p 00000000 00:00 0 
7fed44000000-7fed44021000 rw-p 00000000 00:00 0 
7fed44021000-7fed48000000 ---p 00000000 00:00 0 
7fed4c000000-7fed4c528000 rw-p 00000000 00:00 0 
7fed4c528000-7fed50000000 ---p 00000000 00:00 0 
7fed50000000-7fed50021000 rw-p 00000000 00:00 0 
7fed50021000-7fed54000000 ---p 00000000 00:00 0 
7fed54000000-7fed54021000 rw-p 00000000 00:00 0 
7fed54021000-7fed58000000 ---p 00000000 00:00 0 
7fed58000000-7fed5899c000 rw-p 00000000 00:00 0 
7fed5899c000-7fed5c000000 ---p 00000000 00:00 0 
7fed5c000000-7fed5c021000 rw-p 00000000 00:00 0 
7fed5c021000-7fed60000000 ---p 00000000 00:00 0 
7fed60000000-7fed60021000 rw-p 00000000 00:00 0 
7fed60021000-7fed64000000 ---p 00000000 00:00 0 
7fed64000000-7fed64021000 rw-p 00000000 00:00 0 
7fed64021000-7fed68000000 ---p 00000000 00:00 0 
7fed68000000-7fed680ea000 rw-p 00000000 00:00 0 
7fed680ea000-7fed6c000000 ---p 00000000 00:00 0 
7fed6c000000-7fed6c021000 rw-p 00000000 00:00 0 
7fed6c021000-7fed70000000 ---p 00000000 00:00 0 
7fed728f7000-7fed72a57000 rw-p 00000000 00:00 0 
7fed72a57000-7fed72ac3000 r-xp 00000000 fc:01 6295844                    /lib/x86_64-linux-gnu/libpcre.so.3.13.1
7fed72ac3000-7fed72cc2000 ---p 0006c000 fc:01 6295844                    /lib/x86_64-linux-gnu/libpcre.so.3.13.1
7fed72cc2000-7fed72cc3000 r--p 0006b000 fc:01 6295844                    /lib/x86_64-linux-gnu/libpcre.so.3.13.1
7fed72cc3000-7fed72cc4000 rw-p 0006c000 fc:01 6295844                    /lib/x86_64-linux-gnu/libpcre.so.3.13.1
7fed72cc4000-7fed72ccb000 r-xp 00000000 fc:01 2494903                    /usr/lib/x86_64-linux-gnu/libffi.so.6.0.2
7fed72ccb000-7fed72eca000 ---p 00007000 fc:01 2494903                    /usr/lib/x86_64-linux-gnu/libffi.so.6.0.2
7fed72eca000-7fed72ecb000 r--p 00006000 fc:01 2494903                    /usr/lib/x86_64-linux-gnu/libffi.so.6.0.2
7fed72ecb000-7fed72ecc000 rw-p 00007000 fc:01 2494903                    /usr/lib/x86_64-linux-gnu/libffi.so.6.0.2
7fed72ecc000-7fed72ee3000 r-xp 00000000 fc:01 6357301                    /lib/x86_64-linux-gnu/libresolv-2.19.so
7fed72ee3000-7fed730e3000 ---p 00017000 fc:01 6357301                    /lib/x86_64-linux-gnu/libresolv-2.19.so
7fed730e3000-7fed730e4000 r--p 00017000 fc:01 6357301                    /lib/x86_64-linux-gnu/libresolv-2.19.so
7fed730e4000-7fed730e5000 rw-p 00018000 fc:01 6357301                    /lib/x86_64-linux-gnu/libresolv-2.19.so
7fed730e5000-7fed730e7000 rw-p 00000000 00:00 0 
7fed730e7000-7fed73108000 r-xp 00000000 fc:01 6295767                    /lib/x86_64-linux-gnu/libselinux.so.1
7fed73108000-7fed73307000 ---p 00021000 fc:01 6295767                    /lib/x86_64-linux-gnu/libselinux.so.1
7fed73307000-7fed73308000 r--p 00020000 fc:01 6295767                    /lib/x86_64-linux-gnu/libselinux.so.1
7fed73308000-7fed73309000 rw-p 00021000 fc:01 6295767                    /lib/x86_64-linux-gnu/libselinux.so.1
7fed73309000-7fed7330b000 rw-p 00000000 00:00 0 
7fed7330b000-7fed7330e000 r-xp 00000000 fc:01 2492443                    /usr/lib/x86_64-linux-gnu/libgmodule-2.0.so.0.4200.2
7fed7330e000-7fed7350d000 ---p 00003000 fc:01 2492443                    /usr/lib/x86_64-linux-gnu/libgmodule-2.0.so.0.4200.2
7fed7350d000-7fed7350e000 r--p 00002000 fc:01 2492443                    /usr/lib/x86_64-linux-gnu/libgmodule-2.0.so.0.4200.2
7fed7350e000-7fed7350f000 rw-p 00003000 fc:01 2492443                    /usr/lib/x86_64-linux-gnu/libgmodule-2.0.so.0.4200.2
7fed7350f000-7fed7361b000 r-xp 00000000 fc:01 6295850                    /lib/x86_64-linux-gnu/libglib-2.0.so.0.4200.2
7fed7361b000-7fed7381b000 ---p 0010c000 fc:01 6295850                    /lib/x86_64-linux-gnu/libglib-2.0.so.0.4200.2
7fed7381b000-7fed7381c000 r--p 0010c000 fc:01 6295850                    /lib/x86_64-linux-gnu/libglib-2.0.so.0.4200.2
7fed7381c000-7fed7381d000 rw-p 0010d000 fc:01 6295850                    /lib/x86_64-linux-gnu/libglib-2.0.so.0.4200.2
7fed7381d000-7fed7381e000 rw-p 00000000 00:00 0 
7fed7381e000-7fed7386e000 r-xp 00000000 fc:01 2492441                    /usr/lib/x86_64-linux-gnu/libgobject-2.0.so.0.4200.2
7fed7386e000-7fed73a6e000 ---p 00050000 fc:01 2492441                    /usr/lib/x86_64-linux-gnu/libgobject-2.0.so.0.4200.2
7fed73a6e000-7fed73a6f000 r--p 00050000 fc:01 2492441                    /usr/lib/x86_64-linux-gnu/libgobject-2.0.so.0.4200.2
7fed73a6f000-7fed73a70000 rw-p 00051000 fc:01 2492441                    /usr/lib/x86_64-linux-gnu/libgobject-2.0.so.0.4200.2
7fed73a70000-7fed73be0000 r-xp 00000000 fc:01 2492445                    /usr/lib/x86_64-linux-gnu/libgio-2.0.so.0.4200.2
7fed73be0000-7fed73de0000 ---p 00170000 fc:01 2492445                    /usr/lib/x86_64-linux-gnu/libgio-2.0.so.0.4200.2
7fed73de0000-7fed73de4000 r--p 00170000 fc:01 2492445                    /usr/lib/x86_64-linux-gnu/libgio-2.0.so.0.4200.2
7fed73de4000-7fed73de6000 rw-p 00174000 fc:01 2492445                    /usr/lib/x86_64-linux-gnu/libgio-2.0.so.0.4200.2
7fed73de6000-7fed73de8000 rw-p 00000000 00:00 0 
7fed73de8000-7fed73dff000 r-xp 00000000 fc:01 2761401                    /usr/lib/jvm/java-7-openjdk-amd64/jre/lib/amd64/libnet.so
7fed73dff000-7fed73ffe000 ---p 00017000 fc:01 2761401                    /usr/lib/jvm/java-7-openjdk-amd64/jre/lib/amd64/libnet.so
7fed73ffe000-7fed73fff000 r--p 00016000 fc:01 2761401                    /usr/lib/jvm/java-7-openjdk-amd64/jre/lib/amd64/libnet.so
7fed73fff000-7fed74000000 rw-p 00017000 fc:01 2761401                    /usr/lib/jvm/java-7-openjdk-amd64/jre/lib/amd64/libnet.so
7fed74000000-7fed74021000 rw-p 00000000 00:00 0 
7fed74021000-7fed78000000 ---p 00000000 00:00 0 
7fed78093000-7fed780a4000 r-xp 00000000 fc:01 2759426                    /usr/lib/jvm/java-7-openjdk-amd64/jre/lib/amd64/libnio.so
7fed780a4000-7fed782a3000 ---p 00011000 fc:01 2759426                    /usr/lib/jvm/java-7-openjdk-amd64/jre/lib/amd64/libnio.so
7fed782a3000-7fed782a4000 r--p 00010000 fc:01 2759426                    /usr/lib/jvm/java-7-openjdk-amd64/jre/lib/amd64/libnio.so
7fed782a4000-7fed782a5000 rw-p 00011000 fc:01 2759426                    /usr/lib/jvm/java-7-openjdk-amd64/jre/lib/amd64/libnio.so
7fed782a5000-7fed782a6000 ---p 00000000 00:00 0 
7fed782a6000-7fed783a6000 rw-p 00000000 00:00 0                          [stack:13118]
7fed783a6000-7fed783a9000 ---p 00000000 00:00 0 
7fed783a9000-7fed784a7000 rw-p 00000000 00:00 0                          [stack:13117]
7fed784a7000-7fed784aa000 ---p 00000000 00:00 0 
7fed784aa000-7fed785a8000 rw-p 00000000 00:00 0                          [stack:13116]
7fed785a8000-7fed785ab000 ---p 00000000 00:00 0 
7fed785ab000-7fed786a9000 rw-p 00000000 00:00 0                          [stack:13115]
7fed786a9000-7fed786ac000 ---p 00000000 00:00 0 
7fed786ac000-7fed787aa000 rw-p 00000000 00:00 0                          [stack:13114]
7fed787aa000-7fed78fc5000 r--p 00000000 fc:01 2497526                    /usr/lib/locale/locale-archive
7fed78fc5000-7fed78fc8000 ---p 00000000 00:00 0 
7fed78fc8000-7fed790c6000 rw-p 00000000 00:00 0                          [stack:13113]
7fed790c6000-7fed790c9000 ---p 00000000 00:00 0 
7fed790c9000-7fed791c7000 rw-p 00000000 00:00 0                          [stack:13112]
7fed791c7000-7fed791c8000 ---p 00000000 00:00 0 
7fed791c8000-7fed7c000000 rw-p 00000000 00:00 0                          [stack:13111]
7fed7c000000-7fed7c021000 rw-p 00000000 00:00 0 
7fed7c021000-7fed80000000 ---p 00000000 00:00 0 
7fed80048000-7fed8006d000 r--p 00000000 fc:01 3804567                    /usr/share/locale-langpack/pl/LC_MESSAGES/libc.mo
7fed8006d000-7fed8007c000 r--s 000dd000 00:25 6884554                    /home/madejs/apps/androidsdk/build-tools/22.0.1/lib/dx.jar
7fed8007c000-7fed80828000 rw-p 00000000 00:00 0 
7fed80828000-7fed809d9000 r--s 01d27000 fc:01 2761408                    /usr/lib/jvm/java-7-openjdk-amd64/jre/lib/rt.jar
7fed809d9000-7fed80cfd000 rw-p 00000000 00:00 0 
7fed80cfd000-7fed80cfe000 ---p 00000000 00:00 0 
7fed80cfe000-7fed80dfe000 rw-p 00000000 00:00 0                          [stack:13110]
7fed80dfe000-7fed80dff000 ---p 00000000 00:00 0 
7fed80dff000-7fed80eff000 rw-p 00000000 00:00 0                          [stack:13109]
7fed80eff000-7fed80f00000 ---p 00000000 00:00 0 
7fed80f00000-7fed81000000 rw-p 00000000 00:00 0                          [stack:13108]
7fed81000000-7fed81270000 rwxp 00000000 00:00 0 
7fed81270000-7fed8422b000 rw-p 00000000 00:00 0 
7fed8422b000-7fed88000000 ---p 00000000 00:00 0 
7fed88000000-7fed88007000 r--s 00000000 fc:01 2765838                    /usr/lib/x86_64-linux-gnu/gconv/gconv-modules.cache
7fed88007000-7fed8800c000 r--s 0004d000 fc:01 2761411                    /usr/lib/jvm/java-7-openjdk-amd64/jre/lib/jsse.jar
7fed8800c000-7fed8807d000 rw-p 00000000 00:00 0 
7fed8807d000-7fed8807e000 ---p 00000000 00:00 0 
7fed8807e000-7fed88189000 rw-p 00000000 00:00 0                          [stack:13107]
7fed88189000-7fed881d1000 rw-p 00000000 00:00 0 
7fed881d1000-7fed881fa000 rw-p 00000000 00:00 0 
7fed881fa000-7fed88327000 rw-p 00000000 00:00 0 
7fed88327000-7fed88332000 rw-p 00000000 00:00 0 
7fed88332000-7fed8837a000 rw-p 00000000 00:00 0 
7fed8837a000-7fed883a3000 rw-p 00000000 00:00 0 
7fed883a3000-7fed884cf000 rw-p 00000000 00:00 0 
7fed884cf000-7fed884e4000 rw-p 00000000 00:00 0 
7fed884e4000-7fed8857a000 rw-p 00000000 00:00 0 
7fed8857a000-7fed8857b000 rw-p 00000000 00:00 0 
7fed8857b000-7fed88583000 r-xp 00000000 fc:01 2759572                    /usr/lib/jvm/java-7-openjdk-amd64/jre/lib/amd64/libzip.so
7fed88583000-7fed88782000 ---p 00008000 fc:01 2759572                    /usr/lib/jvm/java-7-openjdk-amd64/jre/lib/amd64/libzip.so
7fed88782000-7fed88783000 r--p 00007000 fc:01 2759572                    /usr/lib/jvm/java-7-openjdk-amd64/jre/lib/amd64/libzip.so
7fed88783000-7fed88784000 rw-p 00008000 fc:01 2759572                    /usr/lib/jvm/java-7-openjdk-amd64/jre/lib/amd64/libzip.so
7fed88784000-7fed8878f000 r-xp 00000000 fc:01 6357306                    /lib/x86_64-linux-gnu/libnss_files-2.19.so
7fed8878f000-7fed8898e000 ---p 0000b000 fc:01 6357306                    /lib/x86_64-linux-gnu/libnss_files-2.19.so
7fed8898e000-7fed8898f000 r--p 0000a000 fc:01 6357306                    /lib/x86_64-linux-gnu/libnss_files-2.19.so
7fed8898f000-7fed88990000 rw-p 0000b000 fc:01 6357306                    /lib/x86_64-linux-gnu/libnss_files-2.19.so
7fed88990000-7fed8899b000 r-xp 00000000 fc:01 6357308                    /lib/x86_64-linux-gnu/libnss_nis-2.19.so
7fed8899b000-7fed88b9a000 ---p 0000b000 fc:01 6357308                    /lib/x86_64-linux-gnu/libnss_nis-2.19.so
7fed88b9a000-7fed88b9b000 r--p 0000a000 fc:01 6357308                    /lib/x86_64-linux-gnu/libnss_nis-2.19.so
7fed88b9b000-7fed88b9c000 rw-p 0000b000 fc:01 6357308                    /lib/x86_64-linux-gnu/libnss_nis-2.19.so
7fed88b9c000-7fed88bb3000 r-xp 00000000 fc:01 6357150                    /lib/x86_64-linux-gnu/libnsl-2.19.so
7fed88bb3000-7fed88db2000 ---p 00017000 fc:01 6357150                    /lib/x86_64-linux-gnu/libnsl-2.19.so
7fed88db2000-7fed88db3000 r--p 00016000 fc:01 6357150                    /lib/x86_64-linux-gnu/libnsl-2.19.so
7fed88db3000-7fed88db4000 rw-p 00017000 fc:01 6357150                    /lib/x86_64-linux-gnu/libnsl-2.19.so
7fed88db4000-7fed88db6000 rw-p 00000000 00:00 0 
7fed88db6000-7fed88dbf000 r-xp 00000000 fc:01 6357151                    /lib/x86_64-linux-gnu/libnss_compat-2.19.so
7fed88dbf000-7fed88fbe000 ---p 00009000 fc:01 6357151                    /lib/x86_64-linux-gnu/libnss_compat-2.19.so
7fed88fbe000-7fed88fbf000 r--p 00008000 fc:01 6357151                    /lib/x86_64-linux-gnu/libnss_compat-2.19.so
7fed88fbf000-7fed88fc0000 rw-p 00009000 fc:01 6357151                    /lib/x86_64-linux-gnu/libnss_compat-2.19.so
7fed88fc0000-7fed88fed000 r-xp 00000000 fc:01 2761386                    /usr/lib/jvm/java-7-openjdk-amd64/jre/lib/amd64/libjava.so
7fed88fed000-7fed891ec000 ---p 0002d000 fc:01 2761386                    /usr/lib/jvm/java-7-openjdk-amd64/jre/lib/amd64/libjava.so
7fed891ec000-7fed891ed000 r--p 0002c000 fc:01 2761386                    /usr/lib/jvm/java-7-openjdk-amd64/jre/lib/amd64/libjava.so
7fed891ed000-7fed891ef000 rw-p 0002d000 fc:01 2761386                    /usr/lib/jvm/java-7-openjdk-amd64/jre/lib/amd64/libjava.so
7fed891ef000-7fed89200000 r-xp 00000000 fc:01 2761389                    /usr/lib/jvm/java-7-openjdk-amd64/jre/lib/amd64/libverify.so
7fed89200000-7fed893ff000 ---p 00011000 fc:01 2761389                    /usr/lib/jvm/java-7-openjdk-amd64/jre/lib/amd64/libverify.so
7fed893ff000-7fed89401000 r--p 00010000 fc:01 2761389                    /usr/lib/jvm/java-7-openjdk-amd64/jre/lib/amd64/libverify.so
7fed89401000-7fed89402000 rw-p 00012000 fc:01 2761389                    /usr/lib/jvm/java-7-openjdk-amd64/jre/lib/amd64/libverify.so
7fed89402000-7fed89409000 r-xp 00000000 fc:01 6357309                    /lib/x86_64-linux-gnu/librt-2.19.so
7fed89409000-7fed89608000 ---p 00007000 fc:01 6357309                    /lib/x86_64-linux-gnu/librt-2.19.so
7fed89608000-7fed89609000 r--p 00006000 fc:01 6357309                    /lib/x86_64-linux-gnu/librt-2.19.so
7fed89609000-7fed8960a000 rw-p 00007000 fc:01 6357309                    /lib/x86_64-linux-gnu/librt-2.19.so
7fed8960a000-7fed89620000 r-xp 00000000 fc:01 6298768                    /lib/x86_64-linux-gnu/libgcc_s.so.1
7fed89620000-7fed8981f000 ---p 00016000 fc:01 6298768                    /lib/x86_64-linux-gnu/libgcc_s.so.1
7fed8981f000-7fed89820000 r--p 00015000 fc:01 6298768                    /lib/x86_64-linux-gnu/libgcc_s.so.1
7fed89820000-7fed89821000 rw-p 00016000 fc:01 6298768                    /lib/x86_64-linux-gnu/libgcc_s.so.1
7fed89821000-7fed89926000 r-xp 00000000 fc:01 6357126                    /lib/x86_64-linux-gnu/libm-2.19.so
7fed89926000-7fed89b25000 ---p 00105000 fc:01 6357126                    /lib/x86_64-linux-gnu/libm-2.19.so
7fed89b25000-7fed89b26000 r--p 00104000 fc:01 6357126                    /lib/x86_64-linux-gnu/libm-2.19.so
7fed89b26000-7fed89b27000 rw-p 00105000 fc:01 6357126                    /lib/x86_64-linux-gnu/libm-2.19.so
7fed89b27000-7fed89c17000 r-xp 00000000 fc:01 2492138                    /usr/lib/x86_64-linux-gnu/libstdc++.so.6.0.20
7fed89c17000-7fed89e17000 ---p 000f0000 fc:01 2492138                    /usr/lib/x86_64-linux-gnu/libstdc++.so.6.0.20
7fed89e17000-7fed89e1f000 r--p 000f0000 fc:01 2492138                    /usr/lib/x86_64-linux-gnu/libstdc++.so.6.0.20
7fed89e1f000-7fed89e21000 rw-p 000f8000 fc:01 2492138                    /usr/lib/x86_64-linux-gnu/libstdc++.so.6.0.20
7fed89e21000-7fed89e36000 rw-p 00000000 00:00 0 
7fed89e36000-7fed8a986000 r-xp 00000000 fc:01 2761399                    /usr/lib/jvm/java-7-openjdk-amd64/jre/lib/amd64/server/libjvm.so
7fed8a986000-7fed8ab85000 ---p 00b50000 fc:01 2761399                    /usr/lib/jvm/java-7-openjdk-amd64/jre/lib/amd64/server/libjvm.so
7fed8ab85000-7fed8ac24000 r--p 00b4f000 fc:01 2761399                    /usr/lib/jvm/java-7-openjdk-amd64/jre/lib/amd64/server/libjvm.so
7fed8ac24000-7fed8ac47000 rw-p 00bee000 fc:01 2761399                    /usr/lib/jvm/java-7-openjdk-amd64/jre/lib/amd64/server/libjvm.so
7fed8ac47000-7fed8ac74000 rw-p 00000000 00:00 0 
7fed8ac74000-7fed8ac8c000 r-xp 00000000 fc:01 6295609                    /lib/x86_64-linux-gnu/libz.so.1.2.8
7fed8ac8c000-7fed8ae8b000 ---p 00018000 fc:01 6295609                    /lib/x86_64-linux-gnu/libz.so.1.2.8
7fed8ae8b000-7fed8ae8c000 r--p 00017000 fc:01 6295609                    /lib/x86_64-linux-gnu/libz.so.1.2.8
7fed8ae8c000-7fed8ae8d000 rw-p 00018000 fc:01 6295609                    /lib/x86_64-linux-gnu/libz.so.1.2.8
7fed8ae8d000-7fed8aea6000 r-xp 00000000 fc:01 6357154                    /lib/x86_64-linux-gnu/libpthread-2.19.so
7fed8aea6000-7fed8b0a5000 ---p 00019000 fc:01 6357154                    /lib/x86_64-linux-gnu/libpthread-2.19.so
7fed8b0a5000-7fed8b0a6000 r--p 00018000 fc:01 6357154                    /lib/x86_64-linux-gnu/libpthread-2.19.so
7fed8b0a6000-7fed8b0a7000 rw-p 00019000 fc:01 6357154                    /lib/x86_64-linux-gnu/libpthread-2.19.so
7fed8b0a7000-7fed8b0ab000 rw-p 00000000 00:00 0 
7fed8b0ab000-7fed8b0ae000 r-xp 00000000 fc:01 6357153                    /lib/x86_64-linux-gnu/libdl-2.19.so
7fed8b0ae000-7fed8b2ad000 ---p 00003000 fc:01 6357153                    /lib/x86_64-linux-gnu/libdl-2.19.so
7fed8b2ad000-7fed8b2ae000 r--p 00002000 fc:01 6357153                    /lib/x86_64-linux-gnu/libdl-2.19.so
7fed8b2ae000-7fed8b2af000 rw-p 00003000 fc:01 6357153                    /lib/x86_64-linux-gnu/libdl-2.19.so
7fed8b2af000-7fed8b469000 r-xp 00000000 fc:01 6357307                    /lib/x86_64-linux-gnu/libc-2.19.so
7fed8b469000-7fed8b668000 ---p 001ba000 fc:01 6357307                    /lib/x86_64-linux-gnu/libc-2.19.so
7fed8b668000-7fed8b66c000 r--p 001b9000 fc:01 6357307                    /lib/x86_64-linux-gnu/libc-2.19.so
7fed8b66c000-7fed8b66e000 rw-p 001bd000 fc:01 6357307                    /lib/x86_64-linux-gnu/libc-2.19.so
7fed8b66e000-7fed8b673000 rw-p 00000000 00:00 0 
7fed8b673000-7fed8b680000 r-xp 00000000 fc:01 2761393                    /usr/lib/jvm/java-7-openjdk-amd64/jre/lib/amd64/jli/libjli.so
7fed8b680000-7fed8b87f000 ---p 0000d000 fc:01 2761393                    /usr/lib/jvm/java-7-openjdk-amd64/jre/lib/amd64/jli/libjli.so
7fed8b87f000-7fed8b880000 r--p 0000c000 fc:01 2761393                    /usr/lib/jvm/java-7-openjdk-amd64/jre/lib/amd64/jli/libjli.so
7fed8b880000-7fed8b881000 rw-p 0000d000 fc:01 2761393                    /usr/lib/jvm/java-7-openjdk-amd64/jre/lib/amd64/jli/libjli.so
7fed8b881000-7fed8b8a4000 r-xp 00000000 fc:01 6357302                    /lib/x86_64-linux-gnu/ld-2.19.so
7fed8b8a5000-7fed8b8a6000 rw-p 00000000 00:00 0 
7fed8b8a6000-7fed8b8a9000 r--s 00086000 fc:01 2761426                    /usr/lib/jvm/java-7-openjdk-amd64/jre/lib/ext/localedata.jar
7fed8b8a9000-7fed8b8ac000 r--s 0000f000 fc:01 2761423                    /usr/lib/jvm/java-7-openjdk-amd64/jre/lib/ext/icedtea-sound.jar
7fed8b8ac000-7fed8b8b0000 r--s 0003c000 fc:01 2761421                    /usr/lib/jvm/java-7-openjdk-amd64/jre/lib/ext/sunpkcs11.jar
7fed8b8b0000-7fed8b8ba000 rw-p 00000000 00:00 0 
7fed8b8ba000-7fed8b970000 rw-p 00000000 00:00 0 
7fed8b970000-7fed8b973000 ---p 00000000 00:00 0 
7fed8b973000-7fed8ba76000 rw-p 00000000 00:00 0                          [stack:13106]
7fed8ba76000-7fed8ba78000 r--s 00006000 fc:01 2890976                    /usr/share/java/java-atk-wrapper.jar
7fed8ba78000-7fed8ba7c000 r--s 00034000 fc:01 2761425                    /usr/lib/jvm/java-7-openjdk-amd64/jre/lib/ext/sunjce_provider.jar
7fed8ba7c000-7fed8ba7d000 r--s 00002000 fc:01 2761424                    /usr/lib/jvm/java-7-openjdk-amd64/jre/lib/ext/dnsns.jar
7fed8ba7d000-7fed8ba7f000 r--s 00012000 fc:01 2761422                    /usr/lib/jvm/java-7-openjdk-amd64/jre/lib/ext/zipfs.jar
7fed8ba7f000-7fed8ba97000 rw-p 00000000 00:00 0 
7fed8ba97000-7fed8ba9f000 rw-s 00000000 fc:01 3218341                    /tmp/hsperfdata_madejs/13102
7fed8ba9f000-7fed8baa0000 rw-p 00000000 00:00 0 
7fed8baa0000-7fed8baa1000 ---p 00000000 00:00 0 
7fed8baa1000-7fed8baa3000 rw-p 00000000 00:00 0 
7fed8baa3000-7fed8baa4000 r--p 00022000 fc:01 6357302                    /lib/x86_64-linux-gnu/ld-2.19.so
7fed8baa4000-7fed8baa5000 rw-p 00023000 fc:01 6357302                    /lib/x86_64-linux-gnu/ld-2.19.so
7fed8baa5000-7fed8baa6000 rw-p 00000000 00:00 0 
7fffe78fa000-7fffe791c000 rw-p 00000000 00:00 0                          [stack]
7fffe7995000-7fffe7997000 r-xp 00000000 00:00 0                          [vdso]
7fffe7997000-7fffe7999000 r--p 00000000 00:00 0                          [vvar]
ffffffffff600000-ffffffffff601000 r-xp 00000000 00:00 0                  [vsyscall]

VM Arguments:
jvm_args: -Xmx1024M -Dfile.encoding=UTF-8 -Duser.country=PL -Duser.language=pl -Duser.variant 
java_command: com.android.dx.command.Main --dex --output /home/madejs/projects/TodoEkspert/app/build/intermediates/dex/debug /home/madejs/projects/TodoEkspert/app/build/intermediates/classes/debug /home/madejs/projects/TodoEkspert/app/build/intermediates/pre-dexed/debug/support-annotations-22.1.1-e9d1d7c22299ecf9c7b16a0b4ff9835ea0e8c0e1.jar /home/madejs/projects/TodoEkspert/app/build/intermediates/pre-dexed/debug/timber-3.1.0-8931b6f23d6b63d28af563cb89a6af001990934f.jar /home/madejs/projects/TodoEkspert/app/build/intermediates/pre-dexed/debug/butterknife-6.1.0-44e873640dca13d22e6784ffe19a0a596ef871bf.jar /home/madejs/projects/TodoEkspert/app/build/intermediates/pre-dexed/debug/retrofit-1.9.0-5f95f9a5b3aac930336e8e65c9da9681ee9c94c2.jar /home/madejs/projects/TodoEkspert/app/build/intermediates/pre-dexed/debug/gson-2.3.1-3d728a0d84cde4203fa7040685fa5cd403c8734a.jar /home/madejs/projects/TodoEkspert/app/build/intermediates/pre-dexed/debug/internal_impl-22.1.1-221b20208e2ff0fd77d388d4dab17a42c28b4413.jar /home/madejs/projects/TodoEkspert/app/build/intermediates/pre-dexed/debug/classes-8d53ae73f659642c5e9e82c6a186bf25f42c0b01.jar /home/madejs/projects/TodoEkspert/app/build/intermediates/pre-dexed/debug/classes-a44791817e1fe22e7b8e7e4ba9feb9accb28fbf0.jar
Launcher Type: SUN_STANDARD

Environment Variables:
PATH=/usr/local/heroku/bin:/home/madejs/apps/androidsdk/platform-tools:/home/madejs/apps/androidsdk/tools:/usr/local/sbin:/usr/local/bin:/usr/sbin:/usr/bin:/sbin:/bin:/usr/games:/usr/local/games:/home/madejs/apps/maven3/bin
LD_LIBRARY_PATH=./bin:
SHELL=/bin/bash
DISPLAY=:0

Signal Handlers:
SIGSEGV: [libjvm.so+0x983740], sa_mask[0]=0x7ffbfeff, sa_flags=0x10000004
SIGBUS: [libjvm.so+0x983740], sa_mask[0]=0x7ffbfeff, sa_flags=0x10000004
SIGFPE: [libjvm.so+0x7f0180], sa_mask[0]=0x7ffbfeff, sa_flags=0x10000004
SIGPIPE: [libjvm.so+0x7f0180], sa_mask[0]=0x7ffbfeff, sa_flags=0x10000004
SIGXFSZ: [libjvm.so+0x7f0180], sa_mask[0]=0x7ffbfeff, sa_flags=0x10000004
SIGILL: [libjvm.so+0x7f0180], sa_mask[0]=0x7ffbfeff, sa_flags=0x10000004
SIGUSR1: SIG_DFL, sa_mask[0]=0x00000000, sa_flags=0x00000000
SIGUSR2: [libjvm.so+0x7f0000], sa_mask[0]=0x00000004, sa_flags=0x10000004
SIGHUP: [libjvm.so+0x7f0200], sa_mask[0]=0x7ffbfeff, sa_flags=0x10000004
SIGINT: [libjvm.so+0x7f0200], sa_mask[0]=0x7ffbfeff, sa_flags=0x10000004
SIGTERM: [libjvm.so+0x7f0200], sa_mask[0]=0x7ffbfeff, sa_flags=0x10000004
SIGQUIT: [libjvm.so+0x7f0200], sa_mask[0]=0x7ffbfeff, sa_flags=0x10000004
SIGTRAP: SIG_DFL, sa_mask[0]=0x00000000, sa_flags=0x00000000


---------------  S Y S T E M  ---------------

OS:Ubuntu 14.10 (utopic)
uname:Linux 3.16.0-37-generic #49-Ubuntu SMP Wed Apr 29 20:38:03 UTC 2015 x86_64
libc:glibc 2.19 NPTL 2.19 
rlimit: STACK 8192k, CORE 0k, NPROC 31436, NOFILE 4096, AS infinity
load average:6,25 3,60 2,42

/proc/meminfo:
MemTotal:        8080036 kB
MemFree:          373828 kB
MemAvailable:      87584 kB
Buffers:             592 kB
Cached:           615184 kB
SwapCached:            0 kB
Active:          5300408 kB
Inactive:         495200 kB
Active(anon):    5288132 kB
Inactive(anon):   483064 kB
Active(file):      12276 kB
Inactive(file):    12136 kB
Unevictable:         108 kB
Mlocked:             108 kB
SwapTotal:             0 kB
SwapFree:              0 kB
Dirty:                92 kB
Writeback:             0 kB
AnonPages:       5181100 kB
Mapped:          1898596 kB
Shmem:            590204 kB
Slab:             127012 kB
SReclaimable:      58440 kB
SUnreclaim:        68572 kB
KernelStack:       15600 kB
PageTables:        68568 kB
NFS_Unstable:          0 kB
Bounce:                0 kB
WritebackTmp:          0 kB
CommitLimit:     4040016 kB
Committed_AS:   13769972 kB
VmallocTotal:   34359738367 kB
VmallocUsed:      357428 kB
VmallocChunk:   34359374588 kB
HardwareCorrupted:     0 kB
AnonHugePages:   3174400 kB
HugePages_Total:       0
HugePages_Free:        0
HugePages_Rsvd:        0
HugePages_Surp:        0
Hugepagesize:       2048 kB
DirectMap4k:       88568 kB
DirectMap2M:     8204288 kB


CPU:total 4 (2 cores per cpu, 2 threads per core) family 6 model 42 stepping 7, cmov, cx8, fxsr, mmx, sse, sse2, sse3, ssse3, sse4.1, sse4.2, popcnt, avx, aes, ht, tsc, tscinvbit

/proc/cpuinfo:
processor	: 0
vendor_id	: GenuineIntel
cpu family	: 6
model		: 42
model name	: Intel(R) Core(TM) i5-2430M CPU @ 2.40GHz
stepping	: 7
microcode	: 0x1b
cpu MHz		: 2800.031
cache size	: 3072 KB
physical id	: 0
siblings	: 4
core id		: 0
cpu cores	: 2
apicid		: 0
initial apicid	: 0
fpu		: yes
fpu_exception	: yes
cpuid level	: 13
wp		: yes
flags		: fpu vme de pse tsc msr pae mce cx8 apic sep mtrr pge mca cmov pat pse36 clflush dts acpi mmx fxsr sse sse2 ss ht tm pbe syscall nx rdtscp lm constant_tsc arch_perfmon pebs bts rep_good nopl xtopology nonstop_tsc aperfmperf eagerfpu pni pclmulqdq dtes64 monitor ds_cpl vmx est tm2 ssse3 cx16 xtpr pdcm pcid sse4_1 sse4_2 x2apic popcnt tsc_deadline_timer aes xsave avx lahf_lm ida arat epb xsaveopt pln pts dtherm tpr_shadow vnmi flexpriority ept vpid
bogomips	: 4789.22
clflush size	: 64
cache_alignment	: 64
address sizes	: 36 bits physical, 48 bits virtual
power management:

processor	: 1
vendor_id	: GenuineIntel
cpu family	: 6
model		: 42
model name	: Intel(R) Core(TM) i5-2430M CPU @ 2.40GHz
stepping	: 7
microcode	: 0x1b
cpu MHz		: 2812.218
cache size	: 3072 KB
physical id	: 0
siblings	: 4
core id		: 1
cpu cores	: 2
apicid		: 2
initial apicid	: 2
fpu		: yes
fpu_exception	: yes
cpuid level	: 13
wp		: yes
flags		: fpu vme de pse tsc msr pae mce cx8 apic sep mtrr pge mca cmov pat pse36 clflush dts acpi mmx fxsr sse sse2 ss ht tm pbe syscall nx rdtscp lm constant_tsc arch_perfmon pebs bts rep_good nopl xtopology nonstop_tsc aperfmperf eagerfpu pni pclmulqdq dtes64 monitor ds_cpl vmx est tm2 ssse3 cx16 xtpr pdcm pcid sse4_1 sse4_2 x2apic popcnt tsc_deadline_timer aes xsave avx lahf_lm ida arat epb xsaveopt pln pts dtherm tpr_shadow vnmi flexpriority ept vpid
bogomips	: 4789.22
clflush size	: 64
cache_alignment	: 64
address sizes	: 36 bits physical, 48 bits virtual
power management:

processor	: 2
vendor_id	: GenuineIntel
cpu family	: 6
model		: 42
model name	: Intel(R) Core(TM) i5-2430M CPU @ 2.40GHz
stepping	: 7
microcode	: 0x1b
cpu MHz		: 2801.531
cache size	: 3072 KB
physical id	: 0
siblings	: 4
core id		: 0
cpu cores	: 2
apicid		: 1
initial apicid	: 1
fpu		: yes
fpu_exception	: yes
cpuid level	: 13
wp		: yes
flags		: fpu vme de pse tsc msr pae mce cx8 apic sep mtrr pge mca cmov pat pse36 clflush dts acpi mmx fxsr sse sse2 ss ht tm pbe syscall nx rdtscp lm constant_tsc arch_perfmon pebs bts rep_good nopl xtopology nonstop_tsc aperfmperf eagerfpu pni pclmulqdq dtes64 monitor ds_cpl vmx est tm2 ssse3 cx16 xtpr pdcm pcid sse4_1 sse4_2 x2apic popcnt tsc_deadline_timer aes xsave avx lahf_lm ida arat epb xsaveopt pln pts dtherm tpr_shadow vnmi flexpriority ept vpid
bogomips	: 4789.22
clflush size	: 64
cache_alignment	: 64
address sizes	: 36 bits physical, 48 bits virtual
power management:

processor	: 3
vendor_id	: GenuineIntel
cpu family	: 6
model		: 42
model name	: Intel(R) Core(TM) i5-2430M CPU @ 2.40GHz
stepping	: 7
microcode	: 0x1b
cpu MHz		: 2838.562
cache size	: 3072 KB
physical id	: 0
siblings	: 4
core id		: 1
cpu cores	: 2
apicid		: 3
initial apicid	: 3
fpu		: yes
fpu_exception	: yes
cpuid level	: 13
wp		: yes
flags		: fpu vme de pse tsc msr pae mce cx8 apic sep mtrr pge mca cmov pat pse36 clflush dts acpi mmx fxsr sse sse2 ss ht tm pbe syscall nx rdtscp lm constant_tsc arch_perfmon pebs bts rep_good nopl xtopology nonstop_tsc aperfmperf eagerfpu pni pclmulqdq dtes64 monitor ds_cpl vmx est tm2 ssse3 cx16 xtpr pdcm pcid sse4_1 sse4_2 x2apic popcnt tsc_deadline_timer aes xsave avx lahf_lm ida arat epb xsaveopt pln pts dtherm tpr_shadow vnmi flexpriority ept vpid
bogomips	: 4789.22
clflush size	: 64
cache_alignment	: 64
address sizes	: 36 bits physical, 48 bits virtual
power management:



Memory: 4k page, physical 8080036k(375576k free), swap 0k(0k free)

vm_info: OpenJDK 64-Bit Server VM (24.79-b02) for linux-amd64 JRE (1.7.0_79-b14), built on Apr 16 2015 08:25:58 by "buildd" with gcc 4.9.1

time: Tue Jun 16 15:07:47 2015
elapsed time: 21 seconds

